<?xml version="1.0" encoding="UTF-8"?>
<testsuite xmlns:xsi="http://www.w3.org/2001/XMLSchema-instance" xsi:noNamespaceSchemaLocation="https://maven.apache.org/surefire/maven-surefire-plugin/xsd/surefire-test-report-3.0.xsd" version="3.0" name="com.p2p.LoanServiceTest" time="0.693" tests="4" errors="0" skipped="0" failures="0">
  <properties>
[...]
</properties>
  <testcase name="shouldRejectLoanWhenCreditScoreLow" classname="com.p2p.LoanServiceTest" time="0.073">
    <system-out><![CDATA[07:08:33 [INFO ] LoanServiceTest - TC-04: Menguji penolakan loan jika credit score rendah
07:08:33 [INFO ] LoanService - createLoan dipanggil - verified: true, creditScore: 500, amount: 1000
07:08:33 [WARN ] LoanService - Loan REJECTED - credit score terlalu rendah: 500
07:08:33 [INFO ] LoanServiceTest - TC-04: PASSED - Status loan: REJECTED
]]></system-out>
  </testcase>
  <testcase name="shouldApproveLoanWhenCreditScoreHigh" classname="com.p2p.LoanServiceTest" time="0.002">
    <system-out><![CDATA[07:08:33 [INFO ] LoanServiceTest - TC-03: Menguji persetujuan loan jika credit score tinggi
07:08:33 [INFO ] LoanService - createLoan dipanggil - verified: true, creditScore: 700, amount: 1000
07:08:33 [INFO ] LoanService - Loan APPROVED - credit score: 700
07:08:33 [INFO ] LoanServiceTest - TC-03: PASSED - Status loan: APPROVED
]]></system-out>
  </testcase>
  <testcase name="shouldRejectLoanWhenAmountIsZeroOrNegative" classname="com.p2p.LoanServiceTest" time="0.006">
    <system-out><![CDATA[07:08:33 [INFO ] LoanServiceTest - TC-02: Menguji penolakan loan jika amount <= 0
07:08:33 [INFO ] LoanService - createLoan dipanggil - verified: true, creditScore: 700, amount: 0
07:08:33 [ERROR] LoanService - Amount tidak valid: 0
07:08:33 [INFO ] LoanServiceTest - TC-02: PASSED - Exception berhasil dilempar untuk amount 0
]]></system-out>
  </testcase>
  <testcase name="shouldRejectLoanWhenBorrowerNotVerified" classname="com.p2p.LoanServiceTest" time="0.003">
    <system-out><![CDATA[07:08:33 [INFO ] LoanServiceTest - TC-01: Menguji penolakan loan jika borrower tidak terverifikasi
07:08:33 [INFO ] LoanService - createLoan dipanggil - verified: false, creditScore: 700, amount: 1000
07:08:33 [ERROR] LoanService - Borrower tidak terverifikasi (KYC gagal)
07:08:33 [INFO ] LoanServiceTest - TC-01: PASSED - Exception berhasil dilempar
]]></system-out>
  </testcase>
</testsuite>